<?xml version="1.0" encoding="UTF-8"?>
<!-- Generated by org.testng.reporters.JUnitXMLReporter -->
<testsuite hostname="LAPTOP-K8J9AS79" failures="1" tests="2" name="Test" time="26.173" errors="0" timestamp="21 Mar 2024 10:29:46 GMT">
  <testcase classname="com.mystore.testcases.TC_MyAccountPageDDT" name="VerifyLogin" time="5.034"/>
  <testcase classname="com.mystore.testcases.TC_MyAccountPageDDT" name="VerifyLogin" time="2.572">
    <failure type="java.lang.AssertionError" message="expected [true] but found [false]">
      <![CDATA[java.lang.AssertionError: expected [true] but found [false]
	at com.mystore.testcases.TC_MyAccountPageDDT.VerifyLogin(TC_MyAccountPageDDT.java:58)
... Removed 28 stack frames]]>
    </failure>
  </testcase> <!-- VerifyLogin -->
</testsuite> <!-- Test -->
